<?xml version="1.0" encoding="UTF-8"?>
<coverage generated="1589758354763" clover="3.2.0">
  <project timestamp="1589758354763" name="All files">
    <metrics statements="11" coveredstatements="1" conditionals="0" coveredconditionals="0" methods="7" coveredmethods="1" elements="18" coveredelements="2" complexity="0" loc="11" ncloc="11" packages="3" files="7" classes="7"/>
    <package name="src">
      <metrics statements="3" coveredstatements="0" conditionals="0" coveredconditionals="0" methods="2" coveredmethods="0"/>
      <file name="App.js" path="/Users/dayanasog/Desktop/estudos-context-api/frontend/src/App.js">
        <metrics statements="1" coveredstatements="0" conditionals="0" coveredconditionals="0" methods="1" coveredmethods="0"/>
        <line num="8" count="0" type="stmt"/>
      </file>
      <file name="history.js" path="/Users/dayanasog/Desktop/estudos-context-api/frontend/src/history.js">
        <metrics statements="0" coveredstatements="0" conditionals="0" coveredconditionals="0" methods="0" coveredmethods="0"/>
      </file>
      <file name="index.js" path="/Users/dayanasog/Desktop/estudos-context-api/frontend/src/index.js">
        <metrics statements="1" coveredstatements="0" conditionals="0" coveredconditionals="0" methods="0" coveredmethods="0"/>
        <line num="5" count="0" type="stmt"/>
      </file>
      <file name="routes.js" path="/Users/dayanasog/Desktop/estudos-context-api/frontend/src/routes.js">
        <metrics statements="1" coveredstatements="0" conditionals="0" coveredconditionals="0" methods="1" coveredmethods="0"/>
        <line num="8" count="0" type="stmt"/>
      </file>
    </package>
    <package name="src.pages">
      <metrics statements="8" coveredstatements="1" conditionals="0" coveredconditionals="0" methods="5" coveredmethods="1"/>
      <file name="Login.js" path="/Users/dayanasog/Desktop/estudos-context-api/frontend/src/pages/Login.js">
        <metrics statements="1" coveredstatements="1" conditionals="0" coveredconditionals="0" methods="1" coveredmethods="1"/>
        <line num="6" count="2" type="stmt"/>
      </file>
      <file name="Users.js" path="/Users/dayanasog/Desktop/estudos-context-api/frontend/src/pages/Users.js">
        <metrics statements="7" coveredstatements="0" conditionals="0" coveredconditionals="0" methods="4" coveredmethods="0"/>
        <line num="6" count="0" type="stmt"/>
        <line num="8" count="0" type="stmt"/>
        <line num="9" count="0" type="stmt"/>
        <line num="10" count="0" type="stmt"/>
        <line num="12" count="0" type="stmt"/>
        <line num="16" count="0" type="stmt"/>
        <line num="20" count="0" type="stmt"/>
      </file>
    </package>
    <package name="src.services">
      <metrics statements="0" coveredstatements="0" conditionals="0" coveredconditionals="0" methods="0" coveredmethods="0"/>
      <file name="api.js" path="/Users/dayanasog/Desktop/estudos-context-api/frontend/src/services/api.js">
        <metrics statements="0" coveredstatements="0" conditionals="0" coveredconditionals="0" methods="0" coveredmethods="0"/>
      </file>
    </package>
  </project>
</coverage>
