{"/Users/dayanasog/Desktop/estudos-context-api/frontend/src/App.js": {"path":"/Users/dayanasog/Desktop/estudos-context-api/frontend/src/App.js","statementMap":{"0":{"start":{"line":8,"column":2},"end":{"line":12,"column":4}}},"fnMap":{"0":{"name":"App","decl":{"start":{"line":7,"column":9},"end":{"line":7,"column":12}},"loc":{"start":{"line":7,"column":15},"end":{"line":13,"column":1}},"line":7}},"branchMap":{},"s":{"0":0},"f":{"0":0},"b":{},"hash":"7543d74f6d5e5f4fc06d86574689dbd23da107b7"}
,"/Users/dayanasog/Desktop/estudos-context-api/frontend/src/history.js": {"path":"/Users/dayanasog/Desktop/estudos-context-api/frontend/src/history.js","statementMap":{},"fnMap":{},"branchMap":{},"s":{},"f":{},"b":{},"hash":"063f3621d7734833aa9d48659b7c9b9eb58f6135"}
,"/Users/dayanasog/Desktop/estudos-context-api/frontend/src/index.js": {"path":"/Users/dayanasog/Desktop/estudos-context-api/frontend/src/index.js","statementMap":{"0":{"start":{"line":5,"column":0},"end":{"line":10,"column":2}}},"fnMap":{},"branchMap":{},"s":{"0":0},"f":{},"b":{},"hash":"3f178294a667bd1a13abb50a7b50dee35d76411e"}
,"/Users/dayanasog/Desktop/estudos-context-api/frontend/src/routes.js": {"path":"/Users/dayanasog/Desktop/estudos-context-api/frontend/src/routes.js","statementMap":{"0":{"start":{"line":8,"column":2},"end":{"line":13,"column":4}}},"fnMap":{"0":{"name":"Routes","decl":{"start":{"line":7,"column":24},"end":{"line":7,"column":30}},"loc":{"start":{"line":7,"column":33},"end":{"line":14,"column":1}},"line":7}},"branchMap":{},"s":{"0":0},"f":{"0":0},"b":{},"hash":"c7d161f35337e8c819b359c2522e1fea4f08499a"}
,"/Users/dayanasog/Desktop/estudos-context-api/frontend/src/pages/Login.js": {"path":"/Users/dayanasog/Desktop/estudos-context-api/frontend/src/pages/Login.js","statementMap":{"0":{"start":{"line":6,"column":2},"end":{"line":6,"column":32}}},"fnMap":{"0":{"name":"Login","decl":{"start":{"line":5,"column":9},"end":{"line":5,"column":14}},"loc":{"start":{"line":5,"column":17},"end":{"line":7,"column":1}},"line":5}},"branchMap":{},"s":{"0":2},"f":{"0":2},"b":{},"_coverageSchema":"43e27e138ebf9cfc5966b082cf9a028302ed4184","hash":"4b16dfe4938a904dcbd641472fc0209ed40ce835"}
,"/Users/dayanasog/Desktop/estudos-context-api/frontend/src/pages/Users.js": {"path":"/Users/dayanasog/Desktop/estudos-context-api/frontend/src/pages/Users.js","statementMap":{"0":{"start":{"line":6,"column":28},"end":{"line":6,"column":40}},"1":{"start":{"line":8,"column":2},"end":{"line":14,"column":9}},"2":{"start":{"line":9,"column":4},"end":{"line":13,"column":9}},"3":{"start":{"line":10,"column":23},"end":{"line":10,"column":46}},"4":{"start":{"line":12,"column":6},"end":{"line":12,"column":21}},"5":{"start":{"line":16,"column":2},"end":{"line":26,"column":4}},"6":{"start":{"line":20,"column":10},"end":{"line":20,"column":61}}},"fnMap":{"0":{"name":"Users","decl":{"start":{"line":5,"column":24},"end":{"line":5,"column":29}},"loc":{"start":{"line":5,"column":32},"end":{"line":27,"column":1}},"line":5},"1":{"name":"(anonymous_1)","decl":{"start":{"line":8,"column":12},"end":{"line":8,"column":13}},"loc":{"start":{"line":8,"column":18},"end":{"line":14,"column":3}},"line":8},"2":{"name":"(anonymous_2)","decl":{"start":{"line":9,"column":5},"end":{"line":9,"column":6}},"loc":{"start":{"line":9,"column":17},"end":{"line":13,"column":5}},"line":9},"3":{"name":"(anonymous_3)","decl":{"start":{"line":19,"column":19},"end":{"line":19,"column":20}},"loc":{"start":{"line":20,"column":10},"end":{"line":20,"column":61}},"line":20}},"branchMap":{},"s":{"0":0,"1":0,"2":0,"3":0,"4":0,"5":0,"6":0},"f":{"0":0,"1":0,"2":0,"3":0},"b":{},"hash":"c6346347cbdf8cc33053dd07f7796d55088aacd8"}
,"/Users/dayanasog/Desktop/estudos-context-api/frontend/src/services/api.js": {"path":"/Users/dayanasog/Desktop/estudos-context-api/frontend/src/services/api.js","statementMap":{},"fnMap":{},"branchMap":{},"s":{},"f":{},"b":{},"hash":"2bef5b206ec33a244fd22b9caa4474d69450a384"}
}
