TN:
SF:/Users/dayanasog/Desktop/estudos-context-api/frontend/src/App.js
FN:7,App
FNF:1
FNH:0
FNDA:0,App
DA:8,0
LF:1
LH:0
BRF:0
BRH:0
end_of_record
TN:
SF:/Users/dayanasog/Desktop/estudos-context-api/frontend/src/history.js
FNF:0
FNH:0
LF:0
LH:0
BRF:0
BRH:0
end_of_record
TN:
SF:/Users/dayanasog/Desktop/estudos-context-api/frontend/src/index.js
FNF:0
FNH:0
DA:5,0
LF:1
LH:0
BRF:0
BRH:0
end_of_record
TN:
SF:/Users/dayanasog/Desktop/estudos-context-api/frontend/src/routes.js
FN:7,Routes
FNF:1
FNH:0
FNDA:0,Routes
DA:8,0
LF:1
LH:0
BRF:0
BRH:0
end_of_record
TN:
SF:/Users/dayanasog/Desktop/estudos-context-api/frontend/src/pages/Login.js
FN:5,Login
FNF:1
FNH:1
FNDA:2,Login
DA:6,2
LF:1
LH:1
BRF:0
BRH:0
end_of_record
TN:
SF:/Users/dayanasog/Desktop/estudos-context-api/frontend/src/pages/Users.js
FN:5,Users
FN:8,(anonymous_1)
FN:9,(anonymous_2)
FN:19,(anonymous_3)
FNF:4
FNH:0
FNDA:0,Users
FNDA:0,(anonymous_1)
FNDA:0,(anonymous_2)
FNDA:0,(anonymous_3)
DA:6,0
DA:8,0
DA:9,0
DA:10,0
DA:12,0
DA:16,0
DA:20,0
LF:7
LH:0
BRF:0
BRH:0
end_of_record
TN:
SF:/Users/dayanasog/Desktop/estudos-context-api/frontend/src/services/api.js
FNF:0
FNH:0
LF:0
LH:0
BRF:0
BRH:0
end_of_record
